<?xml version="1.0" encoding="UTF-8"?>
<!-- Generated by org.testng.reporters.JUnitXMLReporter -->
<testsuite hostname="DESKTOP-6L8BFLV" ignored="3" name="AutoQA" tests="3" failures="0" timestamp="21 апр 2020 18:20:12 GMT" time="92.371" errors="0">
  <testcase name="checkValueVirtualMachineClass" time="66.826" classname="tests.ResultsTestWithData"/>
  <testcase name="checkValueRegion" time="0.279" classname="tests.ResultsTestWithData"/>
  <testcase name="checkValueLocalSSD" time="0.115" classname="tests.ResultsTestWithData"/>
  <testcase name="checkValueInstanceType" time="0.0" classname="tests.ResultsTestWithData">
    <ignored/>
  </testcase> <!-- checkValueInstanceType -->
  <testcase name="checkValueCommitmentTerm" time="0.0" classname="tests.ResultsTestWithData">
    <ignored/>
  </testcase> <!-- checkValueCommitmentTerm -->
  <testcase name="checkValueAmountPrice" time="0.0" classname="tests.ResultsTestWithData">
    <ignored/>
  </testcase> <!-- checkValueAmountPrice -->
</testsuite> <!-- AutoQA -->
