<?xml version="1.0" encoding="UTF-8"?>
<testsuite xmlns:xsi="http://www.w3.org/2001/XMLSchema-instance" xsi:noNamespaceSchemaLocation="https://maven.apache.org/surefire/maven-surefire-plugin/xsd/surefire-test-report.xsd" name="TestSuite" time="97.529" tests="3" errors="0" skipped="0" failures="0">
  <properties>
[...]
</properties>
  <testcase name="checkValueVirtualMachineClass" classname="tests.ResultsTestWithData" time="66.839"/>
  <testcase name="checkValueRegion" classname="tests.ResultsTestWithData" time="0.259"/>
  <testcase name="checkValueLocalSSD" classname="tests.ResultsTestWithData" time="0.114"/>
</testsuite>