<?xml version="1.0" encoding="UTF-8"?>
<testng-results skipped="0" failed="0" ignored="3" total="6" passed="3">
  <reporter-output>
  </reporter-output>
  <suite name="Smoke" duration-ms="92371" started-at="2020-04-21T18:18:40Z" finished-at="2020-04-21T18:20:12Z">
    <groups>
    </groups>
    <test name="AutoQA" duration-ms="92371" started-at="2020-04-21T18:18:40Z" finished-at="2020-04-21T18:20:12Z">
      <class name="tests.ResultsTestWithData">
        <test-method status="PASS" signature="setUp()[pri:0, instance:tests.ResultsTestWithData@531be3c5]" name="setUp" is-config="true" duration-ms="23726" started-at="2020-04-21T18:18:40Z" finished-at="2020-04-21T18:19:03Z">
          <reporter-output>
          </reporter-output>
        </test-method> <!-- setUp -->
        <test-method status="PASS" signature="checkValueVirtualMachineClass()[pri:0, instance:tests.ResultsTestWithData@531be3c5]" name="checkValueVirtualMachineClass" duration-ms="66826" started-at="2020-04-21T18:19:03Z" finished-at="2020-04-21T18:20:10Z">
          <reporter-output>
          </reporter-output>
        </test-method> <!-- checkValueVirtualMachineClass -->
        <test-method status="PASS" signature="checkValueRegion()[pri:0, instance:tests.ResultsTestWithData@531be3c5]" name="checkValueRegion" duration-ms="279" started-at="2020-04-21T18:20:10Z" finished-at="2020-04-21T18:20:11Z">
          <reporter-output>
          </reporter-output>
        </test-method> <!-- checkValueRegion -->
        <test-method status="PASS" signature="checkValueLocalSSD()[pri:0, instance:tests.ResultsTestWithData@531be3c5]" name="checkValueLocalSSD" duration-ms="115" started-at="2020-04-21T18:20:11Z" finished-at="2020-04-21T18:20:11Z">
          <reporter-output>
          </reporter-output>
        </test-method> <!-- checkValueLocalSSD -->
        <test-method status="PASS" signature="stopDriver()[pri:0, instance:tests.ResultsTestWithData@531be3c5]" name="stopDriver" is-config="true" duration-ms="1341" started-at="2020-04-21T18:20:11Z" finished-at="2020-04-21T18:20:12Z">
          <reporter-output>
          </reporter-output>
        </test-method> <!-- stopDriver -->
      </class> <!-- tests.ResultsTestWithData -->
    </test> <!-- AutoQA -->
  </suite> <!-- Smoke -->
</testng-results>
